<?xml version="1.0" encoding="UTF-8"?>
<!-- Generated by org.testng.reporters.JUnitXMLReporter -->
<testsuite hostname="ip-172-31-10-106" ignored="0" name="Test" tests="4" failures="0" timestamp="2021-02-23T06:16:10 UTC" time="19.651" errors="0">
  <testcase name="lunchChrome" time="1.74" classname="test.CrossBrowser"/>
  <testcase name="testcase1" time="2.015" classname="test.CrossBrowser"/>
  <testcase name="launchFirefox" time="17.059" classname="test.CrossBrowser"/>
  <testcase name="testcase2" time="2.556" classname="test.CrossBrowser"/>
</testsuite> <!-- Test -->
